<?xml version="1.0" encoding="UTF-8"?>
<!-- Generated by org.testng.reporters.JUnitXMLReporter -->
<testsuite ignored="0" hostname="DESKTOP-PURIPPR" failures="0" tests="1" name="EdgeTest" time="0.033" errors="0" timestamp="2022-06-24T15:11:03 IST">
  <testcase classname="parallelTest.CrossBrowserScript" name="@BeforeTest setup" time="0.003">
    <failure type="java.lang.Exception" message="Browser is not correct">
      <![CDATA[java.lang.Exception: Browser is not correct
at parallelTest.CrossBrowserScript.setup(CrossBrowserScript.java:37)
... Removed 24 stack frames]]>
    </failure>
  </testcase> <!-- @BeforeTest setup -->
  <testcase classname="parallelTest.CrossBrowserScript" name="testParameterWithXML" time="0.0">
    <skipped/>
  </testcase> <!-- testParameterWithXML -->
</testsuite> <!-- EdgeTest -->
