<?xml version="1.0" encoding="UTF-8"?>
<!-- Generated by org.testng.reporters.JUnitXMLReporter -->
<testsuite ignored="1" hostname="DESKTOP-PURIPPR" failures="0" tests="8" name="Functional" time="0.07" errors="0" timestamp="2022-06-21T00:36:16 IST">
  <testcase classname="anotaionInTestNG.KyewordsInTestNG_Priority" name="test6" time="0.002"/>
  <testcase classname="anotaionInTestNG.KyewordsInTestNG_Priority" name="test4" time="0.002"/>
  <testcase classname="anotaionInTestNG.KyewordsInTestNG_Priority" name="test1" time="0.002"/>
  <testcase classname="anotaionInTestNG.KyewordsInTestNG_Priority" name="test2" time="0.003"/>
  <testcase classname="anotaionInTestNG.KyewordsInTestNG_Priority" name="test3" time="0.003"/>
  <testcase classname="anotaionInTestNG.KyewordsInTestNG_Priority" name="test7" time="0.006"/>
  <testcase classname="anotaionInTestNG.KyewordsInTestNG_Priority" name="test5" time="0.004"/>
  <testcase classname="anotaionInTestNG.KeyWordsInTestNG_enabled" name="test1" time="0.001"/>
  <testcase classname="anotaionInTestNG.KeyWordsInTestNG_enabled" name="test4" time="0.0">
    <ignored/>
  </testcase> <!-- test4 -->
</testsuite> <!-- Functional -->
