<?xml version="1.0" encoding="UTF-8"?>
<!-- Generated by org.testng.reporters.JUnitXMLReporter -->
<testsuite ignored="5" hostname="DESKTOP-PURIPPR" failures="0" tests="3" name="Regression" time="0.377" errors="0" timestamp="2022-06-21T00:56:52 IST">
  <testcase classname="anotaionInTestNG.KyewordsInTestNG_InvoCount" name="test2" time="0.036"/>
  <testcase classname="anotaionInTestNG.KyewordsInTestNG_InvoCount" name="test6" time="0.005"/>
  <testcase classname="anotaionInTestNG.KyewordsInTestNG_InvoCount" name="test6" time="0.002"/>
  <testcase classname="anotaionInTestNG.KyewordsInTestNG_InvoCount" name="test1" time="0.0">
    <ignored/>
  </testcase> <!-- test1 -->
  <testcase classname="anotaionInTestNG.KyewordsInTestNG_InvoCount" name="test3" time="0.0">
    <ignored/>
  </testcase> <!-- test3 -->
  <testcase classname="anotaionInTestNG.KyewordsInTestNG_InvoCount" name="test5" time="0.0">
    <ignored/>
  </testcase> <!-- test5 -->
  <testcase classname="anotaionInTestNG.KyewordsInTestNG_InvoCount" name="test4" time="0.0">
    <ignored/>
  </testcase> <!-- test4 -->
  <testcase classname="anotaionInTestNG.KyewordsInTestNG_InvoCount" name="test7" time="0.0">
    <ignored/>
  </testcase> <!-- test7 -->
</testsuite> <!-- Regression -->
