<?xml version="1.0" encoding="UTF-8"?>
<!-- Generated by org.testng.reporters.JUnitXMLReporter -->
<testsuite ignored="0" hostname="DESKTOP-PURIPPR" failures="0" tests="7" name="Test" time="169.531" errors="0" timestamp="2022-06-20T03:46:47 IST">
  <testcase classname="testNG.LoginPageTest" name="LoginTest" time="7.005"/>
  <testcase classname="testNG.LoginPageTest" name="LoginWithOnlyPassTest" time="2.009"/>
  <testcase classname="testNG.LoginPageTest" name="LoginWithOnlyUserIdTest" time="0.173"/>
  <testcase classname="testNG.LoginPageTest" name="LoginWithoutUserIdPAssTest" time="0.125"/>
  <testcase classname="testNG.TestNGAnotation" name="test1" time="0.001"/>
  <testcase classname="testNG.TestNGAnotation" name="test2" time="0.002"/>
  <testcase classname="testNG.TestNGAnotation" name="test3" time="0.002"/>
</testsuite> <!-- Test -->
